<?xml version="1.0" encoding="UTF-8"?>
<testsuite name="co.edu.uniquindio.application.CsvUtilsTest" tests="2" skipped="0" failures="0" errors="0" timestamp="2025-11-08T20:53:28.484Z" hostname="NICHOPC" time="0.022">
  <properties/>
  <testcase name="joinRow_uneCeldasConComasYAdecuadoEscapado()" classname="co.edu.uniquindio.application.CsvUtilsTest" time="0.02"/>
  <testcase name="escape_manejaComasComillasYSaltosDeLinea()" classname="co.edu.uniquindio.application.CsvUtilsTest" time="0.0"/>
  <system-out><![CDATA[]]></system-out>
  <system-err><![CDATA[]]></system-err>
</testsuite>
